[02:49:13.289][INFO]: Successfully injected RecipeFS file system
[02:49:13.340][INFO]: Successfully identified and loaded plugin crafttweaker:builtin
[02:49:13.342][INFO]: Successfully identified and loaded plugin crafttweaker:builtin_forge
[02:49:13.349][INFO]: Successfully identified and loaded plugin farmersdelight:crafttweaker_plugin
[02:49:14.036][INFO]: The following mods have explicit CraftTweaker support through the default plugin:
[02:49:14.046][INFO]: - 'aether' at version '1.19.2-1.4.2-forge'
[02:49:14.046][INFO]: - 'aquaculture' at version '1.19.2-2.4.17'
[02:49:14.046][INFO]: - 'crafttweaker' at version '10.1.56'
[02:49:14.046][INFO]: - 'farmersdelight' at version '1.19.2-1.2.4'
[02:49:14.046][INFO]: - 'gamestages' at version '11.1.4'
[02:49:14.046][INFO]: - 'itemstages' at version '5.1.4'
[02:49:27.913][INFO]: Started loading scripts for loader 'initialize'
[02:49:28.715][INFO]: Compiling and executing scripts
[02:49:28.804][INFO]: Successfully initialized modules [crafttweaker, expansions]
[02:49:29.028][INFO]: Execution for loader 'initialize' completed successfully
[02:49:43.146][INFO]: Started loading scripts for loader 'tags'
[02:49:43.186][INFO]: Compiling and executing scripts
[02:49:43.205][INFO]: Successfully initialized modules [crafttweaker, expansions]
[02:49:43.214][INFO]: Execution for loader 'tags' completed successfully
[02:49:48.235][INFO]: Started loading scripts for loader 'crafttweaker'
[02:49:48.265][INFO]: Compiling and executing scripts
[02:49:48.622][INFO]: Successfully initialized modules [mods, crafttweaker, expansions]
[02:49:48.625][INFO]: Loading file 'Cisco.zs' with priority 0
[02:49:48.671][INFO]: Hello world!
[02:49:48.676][INFO]: Adding 'minecraft:smithing' recipe, with name: 'crafttweaker:dreadsteel_chestplate' that outputs: '<item:dreadsteel:dreadsteel_chestplate>'
[02:49:48.676][INFO]: Adding 'minecraft:smithing' recipe, with name: 'crafttweaker:dreadsteel_helmet' that outputs: '<item:dreadsteel:dreadsteel_helmet>'
[02:49:48.676][INFO]: Adding 'minecraft:smithing' recipe, with name: 'crafttweaker:dreadsteel_boots' that outputs: '<item:dreadsteel:dreadsteel_boots>'
[02:49:48.676][INFO]: Adding 'minecraft:smithing' recipe, with name: 'crafttweaker:dreadsteel_leggings' that outputs: '<item:dreadsteel:dreadsteel_leggings>'
[02:49:48.677][INFO]: Adding 'minecraft:crafting' recipe, of type: "shapeless", with name: 'crafttweaker:dreadsteel_ingot_recipe' that outputs: '<item:dreadsteel:dreadsteel_ingot>'
[02:49:48.677][INFO]: Adding 'minecraft:crafting' recipe, of type: "shapeless", with name: 'crafttweaker:dreadsteel_scythe_recipe' that outputs: '<item:dreadsteel:dreadsteel_scythe>'
[02:49:48.677][INFO]: Adding 'minecraft:crafting' recipe, of type: "shapeless", with name: 'crafttweaker:dreadsteel_shield_recipe' that outputs: '<item:dreadsteel:dreadsteel_shield>'
[02:49:48.678][INFO]: Removing "minecraft:crafting" recipes with modid: "dreadsteel"
[02:49:48.681][INFO]: Adding 'minecraft:crafting' recipe, of type: "shapeless", with name: 'crafttweaker:amnesia_scroll' that outputs: '<item:skilltree:amnesia_scroll>'
[02:49:48.681][INFO]: Adding 'minecraft:crafting' recipe, of type: "shapeless", with name: 'crafttweaker:true_dragons_breath' that outputs: '<item:cisco_mod:true_dragons_breath>'
[02:49:48.685][INFO]: Adding 'minecraft:crafting' recipe, of type: "shapeless", with name: 'crafttweaker:rogue_eye' that outputs: '<item:endrem:rogue_eye>.withTag({Damage: 0})'
[02:49:48.685][INFO]: Adding 'minecraft:crafting' recipe, of type: "shapeless", with name: 'crafttweaker:undead_soul' that outputs: '<item:endrem:undead_soul>'
[02:49:48.685][INFO]: Adding 'minecraft:crafting' recipe, of type: "shapeless", with name: 'crafttweaker:demonium_ingot_recipe' that outputs: '<item:cisco_mod:demonium_ingot>'
[02:49:48.685][INFO]: Adding 'minecraft:crafting' recipe, of type: "shapeless", with name: 'crafttweaker:frigidium_ingot_recipe' that outputs: '<item:cisco_mod:frigidiumingot>'
[02:49:48.686][INFO]: Execution for loader 'crafttweaker' completed successfully
[02:49:48.687][INFO]: This reload was made possible by Lucas and more! Become a patron at https://patreon.com/jaredlll08?s=crtmod
